2025-05-23T19:02:14.873Z [INFO]: Server running on port 5100
2025-05-23T19:02:16.115Z [INFO]: Inventory DB connected
2025-05-23T19:02:22.355Z [INFO]: Items fetched
2025-05-23T19:08:44.527Z [INFO]: Item fetched
2025-05-23T19:09:24.166Z [INFO]: Item deleted
2025-05-23T19:09:28.582Z [INFO]: Items fetched
2025-05-23T19:10:59.362Z [INFO]: Server running on port 5100
2025-05-23T19:11:00.258Z [INFO]: Inventory DB connected
2025-05-23T19:22:32.665Z [INFO]: Server running on port 5100
2025-05-23T19:22:33.670Z [INFO]: Inventory DB connected
2025-05-23T19:26:41.335Z [INFO] Server running on port 5100
2025-05-23T19:26:42.376Z [INFO] Inventory DB connected
2025-05-23T19:27:44.578Z [INFO] Server running on port 5100
2025-05-23T19:27:45.905Z [INFO] Inventory DB connected
2025-05-23T19:30:39.192Z [INFO] 🚀 Server running on port 5100
2025-05-23T19:30:40.381Z [INFO] ✅ MongoDB connected
2025-05-23T19:30:44.410Z [INFO] Server running on port 5100
2025-05-23T19:30:45.214Z [INFO] ✅ MongoDB connected
2025-05-23T19:30:49.253Z [INFO] Server running on port 5100
2025-05-23T19:30:50.055Z [INFO] ✅ MongoDB connected
2025-05-23T19:30:53.096Z [INFO] Server running on port 5100
2025-05-23T19:30:53.813Z [INFO] ✅ MongoDB connected
2025-05-23T19:30:55.649Z [INFO] Server running on port 5100
2025-05-23T19:30:56.374Z [INFO] ✅ MongoDB connected
2025-05-23T19:30:59.031Z [INFO] Server running on port 5100
2025-05-23T19:30:59.721Z [INFO] ✅ MongoDB connected
2025-05-23T19:31:01.707Z [INFO] Server running on port 5100
2025-05-23T19:31:02.436Z [INFO] MongoDB connected
2025-05-23T19:31:11.279Z [INFO] Server running on port 5100
2025-05-23T19:31:11.975Z [INFO] MongoDB connected
2025-05-23T19:31:14.356Z [INFO] Server running on port 5100
2025-05-23T19:31:15.172Z [INFO] MongoDB connected
2025-05-23T19:31:17.037Z [INFO] Server running on port 5100
2025-05-23T19:31:17.794Z [INFO] MongoDB connected
2025-05-23T19:37:54.435Z [INFO] Server running on port 5100
2025-05-23T19:37:55.593Z [INFO] MongoDB connected
2025-05-23T19:38:44.487Z [WARN] Validation failed for action: create
2025-05-23T19:38:44.487Z [ERROR] Validation failed on createItem: Validation error
2025-05-23T19:39:01.267Z [WARN] Validation failed for action: create
2025-05-23T19:39:01.269Z [ERROR] Validation failed on createItem: Validation error
2025-05-23T19:39:19.922Z [INFO] Items fetched
2025-05-23T19:39:30.485Z [INFO] Item created: Jeans
2025-05-23T19:47:29.244Z [INFO] Server running on port 5100
2025-05-23T19:47:30.221Z [INFO] MongoDB connected
2025-05-23T21:08:57.524Z [INFO] Server running on port 5100
2025-05-23T21:08:58.365Z [INFO] MongoDB connected
2025-05-24T09:08:51.177Z [INFO] Inventory service running on port 5100
2025-05-24T09:09:21.720Z [ERROR] MongoDB connection failed Could not connect to any servers in your MongoDB Atlas cluster. One common reason is that you're trying to access the database from an IP that isn't whitelisted. Make sure your current IP address is on your Atlas cluster's IP whitelist: https://www.mongodb.com/docs/atlas/security-whitelist/
2025-05-24T09:09:41.921Z [INFO] Inventory service running on port 5100
2025-05-24T09:10:12.163Z [ERROR] MongoDB connection failed Could not connect to any servers in your MongoDB Atlas cluster. One common reason is that you're trying to access the database from an IP that isn't whitelisted. Make sure your current IP address is on your Atlas cluster's IP whitelist: https://www.mongodb.com/docs/atlas/security-whitelist/
2025-05-24T09:11:21.152Z [INFO] Inventory service running on port 5100
2025-05-24T09:11:22.368Z [INFO] MongoDB connected
2025-05-24T09:12:29.597Z [INFO] Inventory service running on port 5100
2025-05-24T09:12:30.765Z [INFO] MongoDB connected
2025-05-24T09:12:35.747Z [INFO] Item created: Cap
2025-05-24T09:12:47.969Z [INFO] Inventory service running on port 5100
2025-05-24T09:12:49.788Z [INFO] Inventory service running on port 5100
2025-05-24T09:12:50.626Z [INFO] MongoDB connected
2025-05-24T09:13:09.657Z [INFO] Item updated: Cap
2025-05-24T09:13:15.039Z [ERROR] getItemById error → Cast to ObjectId failed for value "getAll" (type string) at path "_id" for model "Item"
2025-05-24T09:13:28.469Z [INFO] Inventory service running on port 5100
2025-05-24T09:13:29.304Z [INFO] MongoDB connected
2025-05-24T09:13:30.184Z [INFO] Items fetched
2025-05-24T09:13:51.160Z [INFO] Items fetched
2025-05-24T09:13:53.143Z [INFO] Items fetched
2025-05-24T09:13:55.421Z [INFO] Items fetched
2025-05-24T09:14:04.123Z [INFO] Items fetched
2025-05-24T09:14:09.419Z [INFO] Items fetched
2025-05-24T09:14:25.147Z [INFO] Inventory service running on port 5100
2025-05-24T09:14:25.912Z [INFO] MongoDB connected
2025-05-24T09:14:29.628Z [WARN] Item not found by ID: 6830c3fe2742dd4a05fd25ab
2025-05-24T09:14:37.569Z [INFO] Item fetched: Cap
2025-05-24T09:14:52.464Z [INFO] Inventory service running on port 5100
2025-05-24T09:14:53.857Z [INFO] Inventory service running on port 5100
2025-05-24T09:14:54.751Z [INFO] MongoDB connected
2025-05-24T09:14:56.914Z [INFO] Item deleted: Cap
2025-05-24T09:15:02.247Z [INFO] Items fetched
2025-05-24T09:19:06.845Z [INFO] Inventory service running on port 5100
2025-05-24T09:19:08.102Z [INFO] MongoDB connected
2025-05-24T09:19:16.561Z [INFO] Inventory service running on port 5100
2025-05-24T09:19:17.443Z [INFO] MongoDB connected
2025-05-24T09:21:15.702Z [INFO] Inventory service running on port 5100
2025-05-24T09:21:16.738Z [INFO] MongoDB connected
2025-05-24T10:13:24.827Z [INFO] Inventory service running on port 5100
2025-05-24T10:13:25.744Z [INFO] MongoDB connected
2025-05-24T10:13:46.362Z [INFO] Inventory service running on port 5100
2025-05-24T10:13:47.054Z [INFO] MongoDB connected
2025-05-24T10:13:52.880Z [INFO] Inventory service running on port 5100
2025-05-24T10:13:53.859Z [INFO] Inventory service running on port 5100
2025-05-24T10:13:54.553Z [INFO] MongoDB connected
2025-05-24T10:13:56.623Z [INFO] Inventory service running on port 5100
2025-05-24T10:13:57.313Z [INFO] MongoDB connected
2025-05-24T10:20:48.168Z [INFO] Inventory service running on port 5100
2025-05-24T10:20:49.099Z [INFO] MongoDB connected
2025-05-24T10:20:58.013Z [INFO] Inventory service running on port 5100
2025-05-24T10:20:58.726Z [INFO] MongoDB connected
2025-05-24T10:21:12.990Z [INFO] Inventory service running on port 5100
2025-05-24T10:21:13.695Z [INFO] MongoDB connected
2025-05-24T10:21:22.293Z [INFO] Inventory service running on port 5100
2025-05-24T10:21:23.588Z [INFO] MongoDB connected
2025-05-24T10:21:50.534Z [INFO] Inventory service running on port 5100
2025-05-24T10:21:51.426Z [INFO] MongoDB connected
2025-05-24T10:21:57.693Z [INFO] Inventory service running on port 5100
2025-05-24T10:21:58.442Z [INFO] MongoDB connected
2025-05-24T10:22:00.545Z [INFO] Inventory service running on port 5100
2025-05-24T10:22:01.241Z [INFO] MongoDB connected
2025-05-24T10:22:05.405Z [INFO] Inventory service running on port 5100
2025-05-24T10:22:06.062Z [INFO] MongoDB connected
2025-05-24T10:22:07.301Z [INFO] Inventory service running on port 5100
2025-05-24T10:22:08.565Z [INFO] MongoDB connected
2025-05-24T10:22:10.074Z [INFO] Inventory service running on port 5100
2025-05-24T10:22:11.052Z [INFO] MongoDB connected
2025-05-24T10:22:12.110Z [INFO] Inventory service running on port 5100
2025-05-24T10:22:13.131Z [INFO] Inventory service running on port 5100
2025-05-24T10:22:14.012Z [INFO] MongoDB connected
2025-05-24T10:22:18.578Z [INFO] Inventory service running on port 5100
2025-05-24T10:22:19.318Z [INFO] MongoDB connected
2025-05-24T10:22:25.428Z [INFO] Inventory service running on port 5100
2025-05-24T10:22:26.123Z [INFO] MongoDB connected
2025-05-24T10:23:50.711Z [INFO] Inventory service running on port 5100
2025-05-24T10:23:51.579Z [INFO] MongoDB connected
2025-05-24T10:23:54.833Z [INFO] Inventory service running on port 5100
2025-05-24T10:23:56.090Z [INFO] Inventory service running on port 5100
2025-05-24T10:23:57.238Z [INFO] MongoDB connected
2025-05-24T10:24:00.524Z [INFO] Inventory service running on port 5100
2025-05-24T10:24:01.323Z [INFO] MongoDB connected
2025-05-24T10:25:30.984Z [INFO] Inventory service running on port 5100
2025-05-24T10:25:32.042Z [INFO] MongoDB connected
2025-05-24T10:25:58.175Z [INFO] Inventory service running on port 5100
2025-05-24T10:25:58.905Z [INFO] MongoDB connected
2025-05-24T10:26:43.887Z [INFO] Inventory service running on port 5100
2025-05-24T10:27:04.234Z [INFO] Inventory service running on port 5100
2025-05-24T10:27:05.262Z [INFO] MongoDB connected
2025-05-24T10:27:42.967Z [INFO] Inventory service running on port 5100
2025-05-24T10:27:44.001Z [INFO] MongoDB connected
2025-05-24T10:34:39.902Z [ERROR] Failed to notify for item creation: axios is not defined
2025-05-24T10:34:39.906Z [INFO] Item created: Shoes
2025-05-24T10:35:26.176Z [INFO] Inventory service running on port 5100
2025-05-24T10:35:26.840Z [INFO] MongoDB connected
2025-05-24T10:35:29.818Z [INFO] Notification sent for item creation: 6831a0f1b12b7dbffd6b72e9
2025-05-24T10:35:29.820Z [INFO] Item created: Shoes
2025-05-24T11:44:00.792Z [INFO] Inventory service running on port 5100
2025-05-24T11:44:31.126Z [ERROR] MongoDB connection failed Could not connect to any servers in your MongoDB Atlas cluster. One common reason is that you're trying to access the database from an IP that isn't whitelisted. Make sure your current IP address is on your Atlas cluster's IP whitelist: https://www.mongodb.com/docs/atlas/security-whitelist/
2025-05-24T11:51:06.471Z [INFO] Inventory service running on port 5100
2025-05-24T11:51:42.120Z [ERROR] MongoDB connection failed Could not connect to any servers in your MongoDB Atlas cluster. One common reason is that you're trying to access the database from an IP that isn't whitelisted. Make sure your current IP address is on your Atlas cluster's IP whitelist: https://www.mongodb.com/docs/atlas/security-whitelist/
2025-05-24T11:52:54.791Z [ERROR] updateItem error → Operation `items.findOne()` buffering timed out after 10000ms
2025-05-24T11:53:38.104Z [INFO] Inventory service running on port 5100
2025-05-24T11:54:08.544Z [ERROR] MongoDB connection failed Could not connect to any servers in your MongoDB Atlas cluster. One common reason is that you're trying to access the database from an IP that isn't whitelisted. Make sure your current IP address is on your Atlas cluster's IP whitelist: https://www.mongodb.com/docs/atlas/security-whitelist/
2025-05-24T11:55:24.418Z [INFO] Inventory service running on port 5100
2025-05-24T11:55:25.468Z [INFO] MongoDB connected
2025-05-24T11:55:32.260Z [WARN] Item not found for update: 68318d83df5b032226e9f964
2025-05-24T11:55:46.998Z [INFO] Items fetched
2025-05-24T11:56:41.958Z [INFO] Item updated: Shoes
2025-05-24T11:58:36.261Z [INFO] Inventory service running on port 5100
2025-05-24T11:58:42.428Z [INFO] Inventory service running on port 5100
2025-05-24T11:58:43.143Z [INFO] MongoDB connected
2025-05-24T11:58:59.722Z [INFO] Inventory service running on port 5100
2025-05-24T11:59:01.015Z [INFO] MongoDB connected
2025-05-24T11:59:03.873Z [INFO] Inventory service running on port 5100
2025-05-24T11:59:04.618Z [INFO] MongoDB connected
2025-05-24T12:00:13.108Z [INFO] Inventory service running on port 5100
2025-05-24T12:00:14.355Z [INFO] MongoDB connected
2025-05-24T12:00:24.103Z [INFO] Inventory service running on port 5100
2025-05-24T12:00:25.157Z [INFO] MongoDB connected
2025-05-24T12:00:32.572Z [INFO] Inventory service running on port 5100
2025-05-24T12:00:33.279Z [INFO] MongoDB connected
2025-05-24T12:00:36.198Z [INFO] Inventory service running on port 5100
2025-05-24T12:00:36.938Z [INFO] MongoDB connected
2025-05-24T12:00:47.767Z [INFO] Inventory service running on port 5100
2025-05-24T12:00:48.540Z [INFO] MongoDB connected
2025-05-24T12:01:18.231Z [INFO] Item updated: fgh
2025-05-24T12:02:49.608Z [INFO] Inventory service running on port 5100
2025-05-24T12:02:50.723Z [INFO] MongoDB connected
2025-05-24T12:04:51.701Z [INFO] Inventory service running on port 5100
2025-05-24T12:04:52.689Z [INFO] MongoDB connected
2025-05-24T12:04:58.346Z [INFO] Inventory service running on port 5100
2025-05-24T12:04:59.073Z [INFO] MongoDB connected
2025-05-24T12:06:27.868Z [INFO] Inventory service running on port 5100
2025-05-24T12:06:29.117Z [INFO] MongoDB connected
2025-05-24T12:06:35.729Z [INFO] Inventory service running on port 5100
2025-05-24T12:06:36.680Z [INFO] MongoDB connected
2025-05-24T12:06:43.790Z [INFO] Inventory service running on port 5100
2025-05-24T12:06:45.300Z [INFO] Inventory service running on port 5100
2025-05-24T12:06:46.067Z [INFO] MongoDB connected
2025-05-24T12:06:48.605Z [INFO] Inventory service running on port 5100
2025-05-24T12:06:49.399Z [INFO] MongoDB connected
2025-05-24T12:06:53.646Z [INFO] Inventory service running on port 5100
2025-05-24T12:06:54.899Z [INFO] Inventory service running on port 5100
2025-05-24T12:06:55.630Z [INFO] MongoDB connected
2025-05-24T12:06:58.590Z [INFO] Inventory service running on port 5100
2025-05-24T12:06:59.351Z [INFO] MongoDB connected
2025-05-24T12:07:01.797Z [INFO] Inventory service running on port 5100
2025-05-24T12:07:02.512Z [INFO] MongoDB connected
2025-05-24T12:07:30.528Z [INFO] Inventory service running on port 5100
2025-05-24T12:07:31.358Z [INFO] MongoDB connected
2025-05-24T12:13:09.291Z [INFO] Item updated: fgh
2025-05-24T12:13:37.023Z [INFO] Inventory service running on port 5100
2025-05-24T12:13:37.900Z [INFO] MongoDB connected
2025-05-24T12:13:53.966Z [INFO] Item updated: fgh
2025-05-24T12:25:31.939Z [INFO] Notification sent for item creation: 6831babbed633ce5b018da02
2025-05-24T12:25:31.941Z [INFO] Item created: hat
2025-05-24T12:25:54.485Z [INFO] Item updated: fgh
2025-05-24T12:58:26.695Z [INFO] Inventory service running on port 5100
2025-05-24T12:58:28.258Z [INFO] MongoDB connected
2025-05-24T12:59:09.433Z [INFO] Inventory service running on port 5100
2025-05-24T12:59:10.443Z [INFO] MongoDB connected
2025-05-24T12:59:18.264Z [INFO] Inventory service running on port 5100
2025-05-24T12:59:19.351Z [INFO] MongoDB connected
2025-05-24T12:59:36.589Z [WARN] Validation failed for action: create
2025-05-24T12:59:36.591Z [ERROR] Validation failed on createItem: Validation error
2025-05-24T12:59:36.600Z [WARN] Validation failed for action: create
2025-05-24T12:59:36.601Z [ERROR] Validation failed on createItem: Validation error
2025-05-24T12:59:36.605Z [WARN] Validation failed for action: create
2025-05-24T12:59:36.606Z [ERROR] Validation failed on createItem: Validation error
2025-05-24T12:59:36.609Z [INFO] Item updated: Test Item
2025-05-24T12:59:36.878Z [WARN] Item not found for update: 6831c2b8f851fd5d843a9e98
2025-05-24T12:59:36.879Z [INFO] Item updated: Test Item
2025-05-24T12:59:36.881Z [ERROR] updateItem error → Database error
2025-05-24T12:59:37.373Z [INFO] MongoDB connected
2025-05-24T13:01:04.473Z [INFO] Inventory service running on port 5100
2025-05-24T13:01:05.694Z [INFO] MongoDB connected
2025-05-24T13:03:53.668Z [INFO] Inventory service running on port 5100
2025-05-24T13:03:54.609Z [INFO] MongoDB connected
2025-05-24T13:04:56.816Z [WARN] Validation failed for action: create
2025-05-24T13:04:56.818Z [ERROR] Validation failed on createItem: Validation error
2025-05-24T13:04:56.828Z [WARN] Validation failed for action: create
2025-05-24T13:04:56.829Z [ERROR] Validation failed on createItem: Validation error
2025-05-24T13:04:56.832Z [WARN] Validation failed for action: create
2025-05-24T13:04:56.832Z [ERROR] Validation failed on createItem: Validation error
2025-05-24T13:04:56.834Z [INFO] Item updated: Test Item
2025-05-24T13:04:56.842Z [INFO] Inventory service running on port 5100
2025-05-24T13:04:56.969Z [WARN] Item not found for update: 6831c3f8ddfc633fb004a8ba
2025-05-24T13:04:56.971Z [INFO] Item updated: Test Item
2025-05-24T13:04:56.973Z [ERROR] updateItem error → Database error
2025-05-24T13:04:58.039Z [INFO] MongoDB connected
2025-05-24T13:07:31.998Z [WARN] Validation failed for action: create
2025-05-24T13:07:32.000Z [ERROR] Validation failed on createItem: Validation error
2025-05-24T13:07:32.011Z [WARN] Validation failed for action: create
2025-05-24T13:07:32.012Z [ERROR] Validation failed on createItem: Validation error
2025-05-24T13:07:32.014Z [WARN] Validation failed for action: create
2025-05-24T13:07:32.015Z [ERROR] Validation failed on createItem: Validation error
2025-05-24T13:07:32.017Z [INFO] Item updated: Test Item
2025-05-24T13:07:32.025Z [INFO] Inventory service running on port 5100
2025-05-24T13:07:32.121Z [WARN] Item not found for update: 6831c494e3bfb155fce93e90
2025-05-24T13:07:32.123Z [INFO] Item updated: Test Item
2025-05-24T13:07:32.125Z [ERROR] updateItem error → Database error
2025-05-24T13:07:33.279Z [INFO] MongoDB connected
2025-05-24T13:09:18.454Z [WARN] Validation failed for action: create
2025-05-24T13:09:18.456Z [ERROR] Validation failed on createItem: Validation error
2025-05-24T13:09:18.467Z [WARN] Validation failed for action: create
2025-05-24T13:09:18.467Z [ERROR] Validation failed on createItem: Validation error
2025-05-24T13:09:18.470Z [WARN] Validation failed for action: create
2025-05-24T13:09:18.470Z [ERROR] Validation failed on createItem: Validation error
2025-05-24T13:09:18.472Z [INFO] Item updated: Test Item
2025-05-24T13:09:18.480Z [INFO] Inventory service running on port 5100
2025-05-24T13:09:18.599Z [WARN] Item not found for update: 6831c4feabf51c8f097a3613
2025-05-24T13:09:18.601Z [INFO] Item updated: Test Item
2025-05-24T13:09:18.603Z [ERROR] updateItem error → Database error
2025-05-24T13:09:19.824Z [INFO] MongoDB connected
2025-05-24T13:23:10.700Z [INFO] Notification sent for item creation: mocked-id
2025-05-24T13:23:10.703Z [INFO] Item created: Test Item
2025-05-24T13:23:10.714Z [ERROR] Validation failed on createItem: Name is required
2025-05-24T13:23:10.725Z [WARN] Item not found for update: mocked-id
2025-05-24T13:23:10.730Z [WARN] Item not found for update: nonexistent-id
2025-05-24T13:23:10.734Z [ERROR] Validation failed on updateItem: Invalid data
2025-05-24T13:30:01.721Z [INFO] Notification sent for item creation: mocked-id
2025-05-24T13:30:01.725Z [INFO] Item created: Test Item
2025-05-24T13:30:01.741Z [ERROR] Validation failed on createItem: Name is required
2025-05-24T13:30:01.749Z [WARN] Item not found for update: mocked-id
2025-05-24T13:30:01.765Z [WARN] Item not found for update: nonexistent-id
2025-05-24T13:30:01.774Z [ERROR] Validation failed on updateItem: Invalid data
2025-05-24T13:32:11.648Z [INFO] Notification sent for item creation: mocked-id
2025-05-24T13:32:11.651Z [INFO] Item created: Test Item
2025-05-24T13:32:11.666Z [ERROR] Validation failed on createItem: Name is required
2025-05-24T13:32:11.672Z [WARN] Item not found for update: mocked-id
2025-05-24T13:32:11.730Z [WARN] Item not found for update: nonexistent-id
2025-05-24T13:32:11.737Z [ERROR] Validation failed on updateItem: Invalid data
2025-05-24T13:35:06.360Z [INFO] Inventory service running on port 5100
2025-05-24T13:35:07.453Z [INFO] MongoDB connected
2025-05-24T13:35:18.363Z [INFO] Inventory service running on port 5100
2025-05-24T13:35:25.263Z [INFO] Notification sent for item creation: mocked-id
2025-05-24T13:35:25.267Z [INFO] Item created: Test Item
2025-05-24T13:35:25.288Z [ERROR] Validation failed on createItem: Name is required
2025-05-24T13:35:25.298Z [WARN] Item not found for update: mocked-id
2025-05-24T13:35:25.309Z [WARN] Item not found for update: nonexistent-id
2025-05-24T13:35:25.317Z [ERROR] Validation failed on updateItem: Invalid data
2025-05-24T13:38:33.012Z [INFO] Notification sent for item creation: mocked-id
2025-05-24T13:38:33.016Z [INFO] Item created: Test Item
2025-05-24T13:38:33.037Z [ERROR] Validation failed on createItem: Name is required
2025-05-24T13:38:33.047Z [WARN] Item not found for update: mocked-id
2025-05-24T13:38:33.056Z [WARN] Item not found for update: nonexistent-id
2025-05-24T13:38:33.068Z [ERROR] Validation failed on updateItem: Invalid data
2025-05-24T13:41:12.707Z [INFO] Notification sent for item creation: mocked-id
2025-05-24T13:41:12.713Z [INFO] Item created: Test Item
2025-05-24T13:41:12.731Z [ERROR] Validation failed on createItem: Name is required
2025-05-24T13:41:12.749Z [INFO] Item updated: Test Item
2025-05-24T13:41:12.759Z [WARN] Item not found for update: nonexistent-id
2025-05-24T13:41:12.766Z [ERROR] Validation failed on updateItem: Invalid data
2025-05-24T13:47:00.988Z [INFO] Inventory service running on port 5100
2025-05-24T13:47:02.011Z [INFO] MongoDB connected
2025-05-24T13:48:11.931Z [INFO] Inventory service running on port 5100
2025-05-24T13:48:12.909Z [INFO] MongoDB connected
2025-05-24T13:51:45.954Z [INFO] Inventory service running on port 5100
2025-05-24T13:51:47.060Z [INFO] MongoDB connected
2025-05-24T14:21:55.422Z [ERROR] createItem error → Cannot read properties of undefined (reading 'message')
2025-05-24T14:21:55.441Z [ERROR] createItem error → Cannot read properties of undefined (reading 'message')
2025-05-24T14:21:55.447Z [INFO] Item fetched: Test Item
2025-05-24T14:21:55.451Z [WARN] Item not found by ID: nonexistent-id
2025-05-24T14:23:23.029Z [ERROR] createItem error → Cannot read properties of undefined (reading 'message')
2025-05-24T14:23:23.048Z [ERROR] createItem error → Cannot read properties of undefined (reading 'message')
2025-05-24T14:23:23.053Z [INFO] Item fetched: Test Item
2025-05-24T14:23:23.057Z [WARN] Item not found by ID: nonexistent-id
2025-05-24T14:24:06.191Z [ERROR] createItem error → Cannot read properties of undefined (reading 'message')
2025-05-24T14:24:06.208Z [ERROR] createItem error → Cannot read properties of undefined (reading 'message')
2025-05-24T14:24:06.213Z [INFO] Item fetched: Test Item
2025-05-24T14:24:06.218Z [WARN] Item not found by ID: nonexistent-id
2025-05-24T14:25:59.902Z [INFO] Item fetched: Test Item
2025-05-24T14:25:59.913Z [WARN] Item not found by ID: nonexistent-id
2025-05-24T14:27:44.743Z [ERROR] createItem error → validateItem is not a function
2025-05-24T14:27:44.760Z [ERROR] createItem error → validateItem is not a function
2025-05-24T14:27:44.764Z [INFO] Item fetched: Test Item
2025-05-24T14:27:44.768Z [WARN] Item not found by ID: nonexistent-id
2025-05-24T14:28:01.294Z [ERROR] createItem error → validateItem is not a function
2025-05-24T14:28:01.317Z [ERROR] createItem error → validateItem is not a function
2025-05-24T14:28:01.325Z [INFO] Item fetched: Test Item
2025-05-24T14:28:01.332Z [WARN] Item not found by ID: nonexistent-id
2025-05-24T14:28:50.165Z [ERROR] createItem error → validateItem is not a function
2025-05-24T14:28:50.183Z [ERROR] createItem error → validateItem is not a function
2025-05-24T14:28:50.187Z [INFO] Item fetched: Test Item
2025-05-24T14:28:50.192Z [WARN] Item not found by ID: nonexistent-id
2025-05-24T14:29:19.041Z [ERROR] createItem error → validateItem is not a function
2025-05-24T14:29:19.058Z [ERROR] createItem error → validateItem is not a function
2025-05-24T14:29:19.062Z [INFO] Item fetched: Test Item
2025-05-24T14:29:19.066Z [WARN] Item not found by ID: nonexistent-id
2025-05-24T14:29:54.630Z [ERROR] createItem error → validateItem is not a function
2025-05-24T14:29:54.648Z [ERROR] createItem error → validateItem is not a function
2025-05-24T14:29:54.652Z [INFO] Item fetched: Test Item
2025-05-24T14:29:54.657Z [WARN] Item not found by ID: nonexistent-id
2025-05-24T14:30:10.981Z [ERROR] createItem error → validateItem is not a function
2025-05-24T14:30:10.999Z [ERROR] createItem error → validateItem is not a function
2025-05-24T14:30:11.004Z [INFO] Item fetched: Test Item
2025-05-24T14:30:11.008Z [WARN] Item not found by ID: nonexistent-id
2025-05-24T14:30:27.844Z [ERROR] createItem error → validateItem is not a function
2025-05-24T14:30:27.860Z [ERROR] createItem error → validateItem is not a function
2025-05-24T14:30:27.865Z [INFO] Item fetched: Test Item
2025-05-24T14:30:27.870Z [WARN] Item not found by ID: nonexistent-id
2025-05-24T14:30:36.065Z [ERROR] createItem error → validateItem is not a function
2025-05-24T14:30:36.082Z [ERROR] createItem error → validateItem is not a function
2025-05-24T14:30:36.088Z [INFO] Item fetched: Test Item
2025-05-24T14:30:36.092Z [WARN] Item not found by ID: nonexistent-id
2025-05-24T14:30:54.420Z [ERROR] createItem error → validateItem is not a function
2025-05-24T14:30:54.436Z [ERROR] createItem error → validateItem is not a function
2025-05-24T14:30:54.441Z [INFO] Item fetched: Test Item
2025-05-24T14:30:54.445Z [WARN] Item not found by ID: nonexistent-id
2025-05-24T14:31:33.979Z [ERROR] createItem error → validateItem is not a function
2025-05-24T14:31:33.995Z [ERROR] createItem error → validateItem is not a function
2025-05-24T14:31:34.001Z [INFO] Item fetched: Test Item
2025-05-24T14:31:34.005Z [WARN] Item not found by ID: nonexistent-id
2025-05-24T14:31:55.330Z [ERROR] createItem error → validateItem is not a function
2025-05-24T14:31:55.348Z [ERROR] createItem error → validateItem is not a function
2025-05-24T14:31:55.353Z [INFO] Item fetched: Test Item
2025-05-24T14:31:55.357Z [WARN] Item not found by ID: nonexistent-id
2025-05-24T14:32:12.969Z [ERROR] createItem error → validateItem is not a function
2025-05-24T14:32:12.986Z [ERROR] createItem error → validateItem is not a function
2025-05-24T14:32:12.991Z [INFO] Item fetched: Test Item
2025-05-24T14:32:12.995Z [WARN] Item not found by ID: nonexistent-id
2025-05-24T14:32:27.933Z [ERROR] createItem error → validateItem is not a function
2025-05-24T14:32:27.950Z [ERROR] createItem error → validateItem is not a function
2025-05-24T14:32:27.954Z [INFO] Item fetched: Test Item
2025-05-24T14:32:27.958Z [WARN] Item not found by ID: nonexistent-id
2025-05-24T14:32:50.369Z [ERROR] createItem error → validateItem is not a function
2025-05-24T14:32:50.386Z [ERROR] createItem error → validateItem is not a function
2025-05-24T14:32:50.391Z [INFO] Item fetched: Test Item
2025-05-24T14:32:50.395Z [WARN] Item not found by ID: nonexistent-id
2025-05-24T14:33:15.258Z [ERROR] createItem error → validateItem is not a function
2025-05-24T14:33:15.275Z [ERROR] createItem error → validateItem is not a function
2025-05-24T14:33:15.280Z [INFO] Item fetched: Test Item
2025-05-24T14:33:15.284Z [WARN] Item not found by ID: nonexistent-id
2025-05-24T14:33:37.282Z [ERROR] createItem error → validateItem is not a function
2025-05-24T14:33:37.300Z [ERROR] createItem error → validateItem is not a function
2025-05-24T14:33:37.304Z [INFO] Item fetched: Test Item
2025-05-24T14:33:37.308Z [WARN] Item not found by ID: nonexistent-id
2025-05-24T14:33:44.478Z [ERROR] createItem error → validateItem is not a function
2025-05-24T14:33:44.502Z [ERROR] createItem error → validateItem is not a function
2025-05-24T14:33:44.508Z [INFO] Item fetched: Test Item
2025-05-24T14:33:44.513Z [WARN] Item not found by ID: nonexistent-id
2025-05-24T14:34:10.122Z [ERROR] createItem error → validateItem is not a function
2025-05-24T14:34:10.139Z [ERROR] createItem error → validateItem is not a function
2025-05-24T14:34:10.143Z [INFO] Item fetched: Test Item
2025-05-24T14:34:10.147Z [WARN] Item not found by ID: nonexistent-id
2025-05-24T14:34:26.074Z [ERROR] createItem error → validateItem is not a function
2025-05-24T14:34:26.096Z [ERROR] createItem error → validateItem is not a function
2025-05-24T14:34:26.102Z [INFO] Item fetched: Test Item
2025-05-24T14:34:26.106Z [WARN] Item not found by ID: nonexistent-id
2025-05-24T14:34:45.468Z [ERROR] createItem error → validateItem is not a function
2025-05-24T14:34:45.485Z [ERROR] createItem error → validateItem is not a function
2025-05-24T14:34:45.490Z [INFO] Item fetched: Test Item
2025-05-24T14:34:45.494Z [WARN] Item not found by ID: nonexistent-id
2025-05-24T14:35:01.438Z [ERROR] createItem error → validateItem is not a function
2025-05-24T14:35:01.455Z [ERROR] createItem error → validateItem is not a function
2025-05-24T14:35:01.460Z [INFO] Item fetched: Test Item
2025-05-24T14:35:01.465Z [WARN] Item not found by ID: nonexistent-id
2025-05-24T14:35:39.212Z [ERROR] createItem error → validateItem is not a function
2025-05-24T14:35:39.237Z [ERROR] createItem error → validateItem is not a function
2025-05-24T14:35:39.242Z [INFO] Item fetched: Test Item
2025-05-24T14:35:39.247Z [WARN] Item not found by ID: nonexistent-id
2025-05-24T14:35:57.945Z [ERROR] createItem error → validateItem is not a function
2025-05-24T14:35:57.964Z [ERROR] createItem error → validateItem is not a function
2025-05-24T14:35:57.969Z [INFO] Item fetched: Test Item
2025-05-24T14:35:57.974Z [WARN] Item not found by ID: nonexistent-id
2025-05-24T14:36:14.547Z [ERROR] createItem error → validateItem is not a function
2025-05-24T14:36:14.565Z [ERROR] createItem error → validateItem is not a function
2025-05-24T14:36:14.570Z [INFO] Item fetched: Test Item
2025-05-24T14:36:14.575Z [WARN] Item not found by ID: nonexistent-id
2025-05-24T14:36:33.880Z [ERROR] createItem error → validateItem is not a function
2025-05-24T14:36:33.898Z [ERROR] createItem error → validateItem is not a function
2025-05-24T14:36:33.902Z [INFO] Item fetched: Test Item
2025-05-24T14:36:33.906Z [WARN] Item not found by ID: nonexistent-id
2025-05-24T14:37:02.620Z [ERROR] createItem error → validateItem is not a function
2025-05-24T14:37:02.637Z [ERROR] createItem error → validateItem is not a function
2025-05-24T14:37:02.642Z [INFO] Item fetched: Test Item
2025-05-24T14:37:02.646Z [WARN] Item not found by ID: nonexistent-id
2025-05-24T14:37:20.621Z [ERROR] createItem error → validateItem is not a function
2025-05-24T14:37:20.638Z [ERROR] createItem error → validateItem is not a function
2025-05-24T14:37:20.643Z [INFO] Item fetched: Test Item
2025-05-24T14:37:20.647Z [WARN] Item not found by ID: nonexistent-id
2025-05-24T14:37:45.455Z [ERROR] createItem error → validateItem is not a function
2025-05-24T14:37:45.471Z [ERROR] createItem error → validateItem is not a function
2025-05-24T14:37:45.477Z [INFO] Item fetched: Test Item
2025-05-24T14:37:45.481Z [WARN] Item not found by ID: nonexistent-id
2025-05-24T14:38:05.292Z [ERROR] createItem error → validateItem is not a function
2025-05-24T14:38:05.310Z [ERROR] createItem error → validateItem is not a function
2025-05-24T14:38:05.315Z [INFO] Item fetched: Test Item
2025-05-24T14:38:05.319Z [WARN] Item not found by ID: nonexistent-id
2025-05-24T14:38:23.593Z [ERROR] createItem error → validateItem is not a function
2025-05-24T14:38:23.611Z [ERROR] createItem error → validateItem is not a function
2025-05-24T14:38:23.616Z [INFO] Item fetched: Test Item
2025-05-24T14:38:23.620Z [WARN] Item not found by ID: nonexistent-id
2025-05-24T14:38:33.740Z [ERROR] createItem error → validateItem is not a function
2025-05-24T14:38:33.759Z [ERROR] createItem error → validateItem is not a function
2025-05-24T14:38:33.764Z [INFO] Item fetched: Test Item
2025-05-24T14:38:33.768Z [WARN] Item not found by ID: nonexistent-id
2025-05-24T15:18:05.802Z [INFO] Inventory service running on port 5100
2025-05-24T15:18:07.766Z [INFO] MongoDB connected
2025-05-24T15:22:22.797Z [INFO] Inventory service running on port 5100
2025-05-24T15:22:23.845Z [INFO] MongoDB connected
2025-05-24T15:24:27.698Z [INFO] Inventory service running on port 5100
2025-05-24T15:24:28.787Z [INFO] MongoDB connected
