2025-05-23T19:38:44.487Z [ERROR] Validation failed on createItem: Validation error
2025-05-23T19:39:01.269Z [ERROR] Validation failed on createItem: Validation error
2025-05-24T09:09:21.720Z [ERROR] MongoDB connection failed Could not connect to any servers in your MongoDB Atlas cluster. One common reason is that you're trying to access the database from an IP that isn't whitelisted. Make sure your current IP address is on your Atlas cluster's IP whitelist: https://www.mongodb.com/docs/atlas/security-whitelist/
2025-05-24T09:10:12.163Z [ERROR] MongoDB connection failed Could not connect to any servers in your MongoDB Atlas cluster. One common reason is that you're trying to access the database from an IP that isn't whitelisted. Make sure your current IP address is on your Atlas cluster's IP whitelist: https://www.mongodb.com/docs/atlas/security-whitelist/
2025-05-24T09:13:15.039Z [ERROR] getItemById error → Cast to ObjectId failed for value "getAll" (type string) at path "_id" for model "Item"
2025-05-24T10:34:39.902Z [ERROR] Failed to notify for item creation: axios is not defined
2025-05-24T11:44:31.126Z [ERROR] MongoDB connection failed Could not connect to any servers in your MongoDB Atlas cluster. One common reason is that you're trying to access the database from an IP that isn't whitelisted. Make sure your current IP address is on your Atlas cluster's IP whitelist: https://www.mongodb.com/docs/atlas/security-whitelist/
2025-05-24T11:51:42.120Z [ERROR] MongoDB connection failed Could not connect to any servers in your MongoDB Atlas cluster. One common reason is that you're trying to access the database from an IP that isn't whitelisted. Make sure your current IP address is on your Atlas cluster's IP whitelist: https://www.mongodb.com/docs/atlas/security-whitelist/
2025-05-24T11:52:54.791Z [ERROR] updateItem error → Operation `items.findOne()` buffering timed out after 10000ms
2025-05-24T11:54:08.544Z [ERROR] MongoDB connection failed Could not connect to any servers in your MongoDB Atlas cluster. One common reason is that you're trying to access the database from an IP that isn't whitelisted. Make sure your current IP address is on your Atlas cluster's IP whitelist: https://www.mongodb.com/docs/atlas/security-whitelist/
2025-05-24T12:59:36.591Z [ERROR] Validation failed on createItem: Validation error
2025-05-24T12:59:36.601Z [ERROR] Validation failed on createItem: Validation error
2025-05-24T12:59:36.606Z [ERROR] Validation failed on createItem: Validation error
2025-05-24T12:59:36.881Z [ERROR] updateItem error → Database error
2025-05-24T13:04:56.818Z [ERROR] Validation failed on createItem: Validation error
2025-05-24T13:04:56.829Z [ERROR] Validation failed on createItem: Validation error
2025-05-24T13:04:56.832Z [ERROR] Validation failed on createItem: Validation error
2025-05-24T13:04:56.973Z [ERROR] updateItem error → Database error
2025-05-24T13:07:32.000Z [ERROR] Validation failed on createItem: Validation error
2025-05-24T13:07:32.012Z [ERROR] Validation failed on createItem: Validation error
2025-05-24T13:07:32.015Z [ERROR] Validation failed on createItem: Validation error
2025-05-24T13:07:32.125Z [ERROR] updateItem error → Database error
2025-05-24T13:09:18.456Z [ERROR] Validation failed on createItem: Validation error
2025-05-24T13:09:18.467Z [ERROR] Validation failed on createItem: Validation error
2025-05-24T13:09:18.470Z [ERROR] Validation failed on createItem: Validation error
2025-05-24T13:09:18.603Z [ERROR] updateItem error → Database error
2025-05-24T13:23:10.714Z [ERROR] Validation failed on createItem: Name is required
2025-05-24T13:23:10.734Z [ERROR] Validation failed on updateItem: Invalid data
2025-05-24T13:30:01.741Z [ERROR] Validation failed on createItem: Name is required
2025-05-24T13:30:01.774Z [ERROR] Validation failed on updateItem: Invalid data
2025-05-24T13:32:11.666Z [ERROR] Validation failed on createItem: Name is required
2025-05-24T13:32:11.737Z [ERROR] Validation failed on updateItem: Invalid data
2025-05-24T13:35:25.288Z [ERROR] Validation failed on createItem: Name is required
2025-05-24T13:35:25.317Z [ERROR] Validation failed on updateItem: Invalid data
2025-05-24T13:38:33.037Z [ERROR] Validation failed on createItem: Name is required
2025-05-24T13:38:33.068Z [ERROR] Validation failed on updateItem: Invalid data
2025-05-24T13:41:12.731Z [ERROR] Validation failed on createItem: Name is required
2025-05-24T13:41:12.766Z [ERROR] Validation failed on updateItem: Invalid data
2025-05-24T14:21:55.422Z [ERROR] createItem error → Cannot read properties of undefined (reading 'message')
2025-05-24T14:21:55.441Z [ERROR] createItem error → Cannot read properties of undefined (reading 'message')
2025-05-24T14:23:23.029Z [ERROR] createItem error → Cannot read properties of undefined (reading 'message')
2025-05-24T14:23:23.048Z [ERROR] createItem error → Cannot read properties of undefined (reading 'message')
2025-05-24T14:24:06.191Z [ERROR] createItem error → Cannot read properties of undefined (reading 'message')
2025-05-24T14:24:06.208Z [ERROR] createItem error → Cannot read properties of undefined (reading 'message')
2025-05-24T14:27:44.743Z [ERROR] createItem error → validateItem is not a function
2025-05-24T14:27:44.760Z [ERROR] createItem error → validateItem is not a function
2025-05-24T14:28:01.294Z [ERROR] createItem error → validateItem is not a function
2025-05-24T14:28:01.317Z [ERROR] createItem error → validateItem is not a function
2025-05-24T14:28:50.165Z [ERROR] createItem error → validateItem is not a function
2025-05-24T14:28:50.183Z [ERROR] createItem error → validateItem is not a function
2025-05-24T14:29:19.041Z [ERROR] createItem error → validateItem is not a function
2025-05-24T14:29:19.058Z [ERROR] createItem error → validateItem is not a function
2025-05-24T14:29:54.630Z [ERROR] createItem error → validateItem is not a function
2025-05-24T14:29:54.648Z [ERROR] createItem error → validateItem is not a function
2025-05-24T14:30:10.981Z [ERROR] createItem error → validateItem is not a function
2025-05-24T14:30:10.999Z [ERROR] createItem error → validateItem is not a function
2025-05-24T14:30:27.844Z [ERROR] createItem error → validateItem is not a function
2025-05-24T14:30:27.860Z [ERROR] createItem error → validateItem is not a function
2025-05-24T14:30:36.065Z [ERROR] createItem error → validateItem is not a function
2025-05-24T14:30:36.082Z [ERROR] createItem error → validateItem is not a function
2025-05-24T14:30:54.420Z [ERROR] createItem error → validateItem is not a function
2025-05-24T14:30:54.436Z [ERROR] createItem error → validateItem is not a function
2025-05-24T14:31:33.979Z [ERROR] createItem error → validateItem is not a function
2025-05-24T14:31:33.995Z [ERROR] createItem error → validateItem is not a function
2025-05-24T14:31:55.330Z [ERROR] createItem error → validateItem is not a function
2025-05-24T14:31:55.348Z [ERROR] createItem error → validateItem is not a function
2025-05-24T14:32:12.969Z [ERROR] createItem error → validateItem is not a function
2025-05-24T14:32:12.986Z [ERROR] createItem error → validateItem is not a function
2025-05-24T14:32:27.933Z [ERROR] createItem error → validateItem is not a function
2025-05-24T14:32:27.950Z [ERROR] createItem error → validateItem is not a function
2025-05-24T14:32:50.369Z [ERROR] createItem error → validateItem is not a function
2025-05-24T14:32:50.386Z [ERROR] createItem error → validateItem is not a function
2025-05-24T14:33:15.258Z [ERROR] createItem error → validateItem is not a function
2025-05-24T14:33:15.275Z [ERROR] createItem error → validateItem is not a function
2025-05-24T14:33:37.282Z [ERROR] createItem error → validateItem is not a function
2025-05-24T14:33:37.300Z [ERROR] createItem error → validateItem is not a function
2025-05-24T14:33:44.478Z [ERROR] createItem error → validateItem is not a function
2025-05-24T14:33:44.502Z [ERROR] createItem error → validateItem is not a function
2025-05-24T14:34:10.122Z [ERROR] createItem error → validateItem is not a function
2025-05-24T14:34:10.139Z [ERROR] createItem error → validateItem is not a function
2025-05-24T14:34:26.074Z [ERROR] createItem error → validateItem is not a function
2025-05-24T14:34:26.096Z [ERROR] createItem error → validateItem is not a function
2025-05-24T14:34:45.468Z [ERROR] createItem error → validateItem is not a function
2025-05-24T14:34:45.485Z [ERROR] createItem error → validateItem is not a function
2025-05-24T14:35:01.438Z [ERROR] createItem error → validateItem is not a function
2025-05-24T14:35:01.455Z [ERROR] createItem error → validateItem is not a function
2025-05-24T14:35:39.212Z [ERROR] createItem error → validateItem is not a function
2025-05-24T14:35:39.237Z [ERROR] createItem error → validateItem is not a function
2025-05-24T14:35:57.945Z [ERROR] createItem error → validateItem is not a function
2025-05-24T14:35:57.964Z [ERROR] createItem error → validateItem is not a function
2025-05-24T14:36:14.547Z [ERROR] createItem error → validateItem is not a function
2025-05-24T14:36:14.565Z [ERROR] createItem error → validateItem is not a function
2025-05-24T14:36:33.880Z [ERROR] createItem error → validateItem is not a function
2025-05-24T14:36:33.898Z [ERROR] createItem error → validateItem is not a function
2025-05-24T14:37:02.620Z [ERROR] createItem error → validateItem is not a function
2025-05-24T14:37:02.637Z [ERROR] createItem error → validateItem is not a function
2025-05-24T14:37:20.621Z [ERROR] createItem error → validateItem is not a function
2025-05-24T14:37:20.638Z [ERROR] createItem error → validateItem is not a function
2025-05-24T14:37:45.455Z [ERROR] createItem error → validateItem is not a function
2025-05-24T14:37:45.471Z [ERROR] createItem error → validateItem is not a function
2025-05-24T14:38:05.292Z [ERROR] createItem error → validateItem is not a function
2025-05-24T14:38:05.310Z [ERROR] createItem error → validateItem is not a function
2025-05-24T14:38:23.593Z [ERROR] createItem error → validateItem is not a function
2025-05-24T14:38:23.611Z [ERROR] createItem error → validateItem is not a function
2025-05-24T14:38:33.740Z [ERROR] createItem error → validateItem is not a function
2025-05-24T14:38:33.759Z [ERROR] createItem error → validateItem is not a function
